Assembler report for missionary_carnibal_sequential_circuit
Sun Jun 11 03:57:22 2017
Quartus II Version 9.1 Build 350 03/24/2010 Service Pack 2 SJ Web Edition


---------------------
; Table of Contents ;
---------------------
  1. Legal Notice
  2. Assembler Summary
  3. Assembler Settings
  4. Assembler Generated Files
  5. Assembler Device Options: C:/Users/USER/Desktop/≥Ìº≥ ≈“«¡∑Œ¿Ë∆Æ/dd/missionary_carnibal_sequential_circuit.sof
  6. Assembler Device Options: C:/Users/USER/Desktop/≥Ìº≥ ≈“«¡∑Œ¿Ë∆Æ/dd/missionary_carnibal_sequential_circuit.pof
  7. Assembler Messages



----------------
; Legal Notice ;
----------------
Copyright (C) 1991-2010 Altera Corporation
Your use of Altera Corporation's design tools, logic functions 
and other software and tools, and its AMPP partner logic 
functions, and any output files from any of the foregoing 
(including device programming or simulation files), and any 
associated documentation or information are expressly subject 
to the terms and conditions of the Altera Program License 
Subscription Agreement, Altera MegaCore Function License 
Agreement, or other applicable license agreement, including, 
without limitation, that your use is for the sole purpose of 
programming logic devices manufactured by Altera and sold by 
Altera or its authorized distributors.  Please refer to the 
applicable agreement for further details.



+----------------------------------------------------------------+
; Assembler Summary                                              ;
+-----------------------+----------------------------------------+
; Assembler Status      ; Successful - Sun Jun 11 03:57:22 2017  ;
; Revision Name         ; missionary_carnibal_sequential_circuit ;
; Top-level Entity Name ; missionary_carnibal_sequential_circuit ;
; Family                ; Stratix                                ;
; Device                ; EP1S10B672C6                           ;
+-----------------------+----------------------------------------+


+--------------------------------------------------------------------------------------------------------+
; Assembler Settings                                                                                     ;
+-----------------------------------------------------------------------------+----------+---------------+
; Option                                                                      ; Setting  ; Default Value ;
+-----------------------------------------------------------------------------+----------+---------------+
; Use smart compilation                                                       ; Off      ; Off           ;
; Enable parallel Assembler and TimeQuest Timing Analyzer during compilation  ; On       ; On            ;
; Enable compact report table                                                 ; Off      ; Off           ;
; Compression mode                                                            ; Off      ; Off           ;
; Clock source for configuration device                                       ; Internal ; Internal      ;
; Clock frequency of the configuration device                                 ; 10 MHZ   ; 10 MHz        ;
; Divide clock frequency by                                                   ; 1        ; 1             ;
; Auto user code                                                              ; Off      ; Off           ;
; Use configuration device                                                    ; On       ; On            ;
; Configuration device                                                        ; Auto     ; Auto          ;
; Configuration device auto user code                                         ; Off      ; Off           ;
; Auto-increment JTAG user code for multiple configuration devices            ; On       ; On            ;
; Disable CONF_DONE and nSTATUS pull-ups on configuration device              ; Off      ; Off           ;
; Generate Tabular Text File (.ttf) For Target Device                         ; Off      ; Off           ;
; Generate Raw Binary File (.rbf) For Target Device                           ; Off      ; Off           ;
; Generate Hexadecimal (Intel-Format) Output File (.hexout) for Target Device ; Off      ; Off           ;
; Hexadecimal Output File start address                                       ; 0        ; 0             ;
; Hexadecimal Output File count direction                                     ; Up       ; Up            ;
; Release clears before tri-states                                            ; Off      ; Off           ;
; Auto-restart configuration after error                                      ; On       ; On            ;
; Use Checkered Pattern as Uninitialized RAM Content                          ; Off      ; Off           ;
; Generate Serial Vector Format File (.svf) for Target Device                 ; Off      ; Off           ;
; Generate a JEDEC STAPL Format File (.jam) for Target Device                 ; Off      ; Off           ;
; Generate a compressed Jam STAPL Byte Code 2.0 File (.jbc) for Target Device ; Off      ; Off           ;
; Generate a compressed Jam STAPL Byte Code 2.0 File (.jbc) for Target Device ; On       ; On            ;
+-----------------------------------------------------------------------------+----------+---------------+


+-------------------------------------------------------------------------------------+
; Assembler Generated Files                                                           ;
+-------------------------------------------------------------------------------------+
; File Name                                                                           ;
+-------------------------------------------------------------------------------------+
; C:/Users/USER/Desktop/≥Ìº≥ ≈“«¡∑Œ¿Ë∆Æ/dd/missionary_carnibal_sequential_circuit.sof ;
; C:/Users/USER/Desktop/≥Ìº≥ ≈“«¡∑Œ¿Ë∆Æ/dd/missionary_carnibal_sequential_circuit.pof ;
+-------------------------------------------------------------------------------------+


+---------------------------------------------------------------------------------------------------------------+
; Assembler Device Options: C:/Users/USER/Desktop/≥Ìº≥ ≈“«¡∑Œ¿Ë∆Æ/dd/missionary_carnibal_sequential_circuit.sof ;
+----------------+----------------------------------------------------------------------------------------------+
; Option         ; Setting                                                                                      ;
+----------------+----------------------------------------------------------------------------------------------+
; Device         ; EP1S10B672C6                                                                                 ;
; JTAG usercode  ; 0xFFFFFFFF                                                                                   ;
; Checksum       ; 0x00136E8E                                                                                   ;
+----------------+----------------------------------------------------------------------------------------------+


+---------------------------------------------------------------------------------------------------------------+
; Assembler Device Options: C:/Users/USER/Desktop/≥Ìº≥ ≈“«¡∑Œ¿Ë∆Æ/dd/missionary_carnibal_sequential_circuit.pof ;
+--------------------+------------------------------------------------------------------------------------------+
; Option             ; Setting                                                                                  ;
+--------------------+------------------------------------------------------------------------------------------+
; Device             ; EPC4                                                                                     ;
; JTAG usercode      ; 0xFFFFFFFF                                                                               ;
; Checksum           ; 0x06328756                                                                               ;
; Compression Ratio  ; 1                                                                                        ;
+--------------------+------------------------------------------------------------------------------------------+


+--------------------+
; Assembler Messages ;
+--------------------+
Info: *******************************************************************
Info: Running Quartus II Assembler
    Info: Version 9.1 Build 350 03/24/2010 Service Pack 2 SJ Web Edition
    Info: Processing started: Sun Jun 11 03:57:17 2017
Info: Command: quartus_asm --read_settings_files=off --write_settings_files=off missionary_carnibal_sequential_circuit -c missionary_carnibal_sequential_circuit
Info: Assembler is generating device programming files
Info: Quartus II Assembler was successful. 0 errors, 0 warnings
    Info: Peak virtual memory: 244 megabytes
    Info: Processing ended: Sun Jun 11 03:57:22 2017
    Info: Elapsed time: 00:00:05
    Info: Total CPU time (on all processors): 00:00:05


